<?xml version="1.0" encoding="UTF-8"?>
<testng-results skipped="2" failed="2" total="6" passed="2">
  <reporter-output>
    <line>
      <![CDATA[Click to see the screenshot]]>
    </line>
    <line>
      <![CDATA[<a target="_blank" href=Thu_May_30_23_45_58_PKT_2019.jpg>Screenshot</a>]]>
    </line>
    <line>
      <![CDATA[<br>]]>
    </line>
    <line>
      <![CDATA[<a target="_blank" href="+TestUtil.screenshotName+ "><img src=Thu_May_30_23_45_58_PKT_2019.jpg height=500 width=500></img></a>]]>
    </line>
    <line>
      <![CDATA[<br>Verification Success and you got text on page : Service points<br>]]>
    </line>
    <line>
      <![CDATA[<br>]]>
    </line>
    <line>
      <![CDATA[<a target="_blank" href="+TestUtil.screenshotName+ "><img src=Thu_May_30_23_46_04_PKT_2019.jpg height=500 width=500></img></a>]]>
    </line>
    <line>
      <![CDATA[<br>]]>
    </line>
    <line>
      <![CDATA[<a target="_blank" href=Thu_May_30_23_46_06_PKT_2019.jpg>Screenshot</a>]]>
    </line>
    <line>
      <![CDATA[<br>]]>
    </line>
    <line>
      <![CDATA[<a target="_blank" href="+TestUtil.screenshotName+ "><img src=Thu_May_30_23_46_06_PKT_2019.jpg height=500 width=500></img></a>]]>
    </line>
    <line>
      <![CDATA[<br>Verification failure : expected [SP11165] but found [SP11177]<br>]]>
    </line>
    <line>
      <![CDATA[<br>]]>
    </line>
    <line>
      <![CDATA[<a target="_blank" href="+TestUtil.screenshotName+ "><img src=Thu_May_30_23_46_10_PKT_2019.jpg height=500 width=500></img></a>]]>
    </line>
    <line>
      <![CDATA[<br>]]>
    </line>
    <line>
      <![CDATA[<br>]]>
    </line>
    <line>
      <![CDATA[<a target="_blank" href=Thu_May_30_23_46_15_PKT_2019.jpg>Screenshot</a>]]>
    </line>
    <line>
      <![CDATA[<br>]]>
    </line>
    <line>
      <![CDATA[<a target="_blank" href="+TestUtil.screenshotName+ "><img src=Thu_May_30_23_46_15_PKT_2019.jpg height=500 width=500></img></a>]]>
    </line>
    <line>
      <![CDATA[Click to see the screenshot]]>
    </line>
    <line>
      <![CDATA[<a target="_blank" href=Thu_May_30_23_46_27_PKT_2019.jpg>Screenshot</a>]]>
    </line>
    <line>
      <![CDATA[<br>]]>
    </line>
    <line>
      <![CDATA[<a target="_blank" href="+TestUtil.screenshotName+ "><img src=Thu_May_30_23_46_27_PKT_2019.jpg height=500 width=500></img></a>]]>
    </line>
  </reporter-output>
  <suite name="Suite" duration-ms="44411" started-at="2019-05-30T18:45:44Z" finished-at="2019-05-30T18:46:28Z">
    <groups>
    </groups>
    <test name="Test" duration-ms="44411" started-at="2019-05-30T18:45:44Z" finished-at="2019-05-30T18:46:28Z">
      <class name="web.swipBox.test_cases.EmailLogin">
        <test-method status="FAIL" signature="emailLogin(java.lang.String, java.lang.String)[pri:0, instance:web.swipBox.test_cases.EmailLogin@23fb172e]" name="emailLogin" duration-ms="12520" started-at="2019-05-30T23:45:44Z" data-provider="getData" finished-at="2019-05-30T23:45:56Z">
          <params>
            <param index="0">
              <value>
                <![CDATA[yasir.nazir@swipbox.com]]>
              </value>
            </param>
            <param index="1">
              <value>
                <![CDATA[12345678s]]>
              </value>
            </param>
          </params>
          <exception class="org.openqa.selenium.NoSuchElementException">
            <message>
              <![CDATA[no such element: Unable to locate element: {"method":"xpath","selector":"//app-home/div/div/div"}
  (Session info: chrome=74.0.3729.169)
  (Driver info: chromedriver=74.0.3729.6 (255758eccf3d244491b8a1317aa76e1ce10d57e9-refs/branch-heads/3729@{#29}),platform=Windows NT 6.3.9600 x86_64) (WARNING: The server did not provide any stacktrace information)
Command duration or timeout: 10.11 seconds
For documentation on this error, please visit: http://seleniumhq.org/exceptions/no_such_element.html
Build info: version: '2.53.1', revision: 'a36b8b1cd5757287168e54b817830adce9b0158d', time: '2016-06-30 19:26:09'
System info: host: 'USER', ip: '192.168.43.96', os.name: 'Windows 8.1', os.arch: 'amd64', os.version: '6.3', java.version: '1.8.0_181'
Driver info: org.openqa.selenium.chrome.ChromeDriver
Capabilities [{mobileEmulationEnabled=false, timeouts={implicit=0, pageLoad=300000, script=30000}, hasTouchScreen=false, platform=WIN8_1, acceptSslCerts=false, goog:chromeOptions={debuggerAddress=localhost:60867}, acceptInsecureCerts=false, webStorageEnabled=true, browserName=chrome, takesScreenshot=true, javascriptEnabled=true, setWindowRect=true, unexpectedAlertBehaviour=ignore, applicationCacheEnabled=false, rotatable=false, networkConnectionEnabled=false, chrome={chromedriverVersion=74.0.3729.6 (255758eccf3d244491b8a1317aa76e1ce10d57e9-refs/branch-heads/3729@{#29}), userDataDir=C:\Users\admin\AppData\Local\Temp\scoped_dir7584_19026}, takesHeapSnapshot=true, pageLoadStrategy=normal, strictFileInteractability=false, databaseEnabled=false, handlesAlerts=true, version=74.0.3729.169, browserConnectionEnabled=false, proxy={}, nativeEvents=true, locationContextEnabled=true, cssSelectorsEnabled=true}]
Session ID: 2f07f32d4cc00040b219ea7da543bb93
*** Element info: {Using=xpath, value=//app-home/div/div/div}]]>
            </message>
            <full-stacktrace>
              <![CDATA[org.openqa.selenium.NoSuchElementException: no such element: Unable to locate element: {"method":"xpath","selector":"//app-home/div/div/div"}
  (Session info: chrome=74.0.3729.169)
  (Driver info: chromedriver=74.0.3729.6 (255758eccf3d244491b8a1317aa76e1ce10d57e9-refs/branch-heads/3729@{#29}),platform=Windows NT 6.3.9600 x86_64) (WARNING: The server did not provide any stacktrace information)
Command duration or timeout: 10.11 seconds
For documentation on this error, please visit: http://seleniumhq.org/exceptions/no_such_element.html
Build info: version: '2.53.1', revision: 'a36b8b1cd5757287168e54b817830adce9b0158d', time: '2016-06-30 19:26:09'
System info: host: 'USER', ip: '192.168.43.96', os.name: 'Windows 8.1', os.arch: 'amd64', os.version: '6.3', java.version: '1.8.0_181'
Driver info: org.openqa.selenium.chrome.ChromeDriver
Capabilities [{mobileEmulationEnabled=false, timeouts={implicit=0, pageLoad=300000, script=30000}, hasTouchScreen=false, platform=WIN8_1, acceptSslCerts=false, goog:chromeOptions={debuggerAddress=localhost:60867}, acceptInsecureCerts=false, webStorageEnabled=true, browserName=chrome, takesScreenshot=true, javascriptEnabled=true, setWindowRect=true, unexpectedAlertBehaviour=ignore, applicationCacheEnabled=false, rotatable=false, networkConnectionEnabled=false, chrome={chromedriverVersion=74.0.3729.6 (255758eccf3d244491b8a1317aa76e1ce10d57e9-refs/branch-heads/3729@{#29}), userDataDir=C:\Users\admin\AppData\Local\Temp\scoped_dir7584_19026}, takesHeapSnapshot=true, pageLoadStrategy=normal, strictFileInteractability=false, databaseEnabled=false, handlesAlerts=true, version=74.0.3729.169, browserConnectionEnabled=false, proxy={}, nativeEvents=true, locationContextEnabled=true, cssSelectorsEnabled=true}]
Session ID: 2f07f32d4cc00040b219ea7da543bb93
*** Element info: {Using=xpath, value=//app-home/div/div/div}
	at sun.reflect.NativeConstructorAccessorImpl.newInstance0(Native Method)
	at sun.reflect.NativeConstructorAccessorImpl.newInstance(NativeConstructorAccessorImpl.java:62)
	at sun.reflect.DelegatingConstructorAccessorImpl.newInstance(DelegatingConstructorAccessorImpl.java:45)
	at java.lang.reflect.Constructor.newInstance(Constructor.java:423)
	at org.openqa.selenium.remote.ErrorHandler.createThrowable(ErrorHandler.java:206)
	at org.openqa.selenium.remote.ErrorHandler.throwIfResponseFailed(ErrorHandler.java:158)
	at org.openqa.selenium.remote.RemoteWebDriver.execute(RemoteWebDriver.java:678)
	at org.openqa.selenium.remote.RemoteWebDriver.findElement(RemoteWebDriver.java:363)
	at org.openqa.selenium.remote.RemoteWebDriver.findElementByXPath(RemoteWebDriver.java:500)
	at org.openqa.selenium.By$ByXPath.findElement(By.java:361)
	at org.openqa.selenium.remote.RemoteWebDriver.findElement(RemoteWebDriver.java:355)
	at web.swipBox.PageController.Page.verifyEquals(Page.java:268)
	at web.swipBox.PageObject.LoginSwipBoxHome.doLogin(LoginSwipBoxHome.java:16)
	at web.swipBox.test_cases.EmailLogin.emailLogin(EmailLogin.java:15)
	at sun.reflect.NativeMethodAccessorImpl.invoke0(Native Method)
	at sun.reflect.NativeMethodAccessorImpl.invoke(NativeMethodAccessorImpl.java:62)
	at sun.reflect.DelegatingMethodAccessorImpl.invoke(DelegatingMethodAccessorImpl.java:43)
	at java.lang.reflect.Method.invoke(Method.java:498)
	at org.testng.internal.MethodInvocationHelper.invokeMethod(MethodInvocationHelper.java:84)
	at org.testng.internal.Invoker.invokeMethod(Invoker.java:714)
	at org.testng.internal.Invoker.invokeTestMethod(Invoker.java:901)
	at org.testng.internal.Invoker.invokeTestMethods(Invoker.java:1231)
	at org.testng.internal.TestMethodWorker.invokeTestMethods(TestMethodWorker.java:127)
	at org.testng.internal.TestMethodWorker.run(TestMethodWorker.java:111)
	at org.testng.TestRunner.privateRun(TestRunner.java:767)
	at org.testng.TestRunner.run(TestRunner.java:617)
	at org.testng.SuiteRunner.runTest(SuiteRunner.java:348)
	at org.testng.SuiteRunner.runSequentially(SuiteRunner.java:343)
	at org.testng.SuiteRunner.privateRun(SuiteRunner.java:305)
	at org.testng.SuiteRunner.run(SuiteRunner.java:254)
	at org.testng.SuiteRunnerWorker.runSuite(SuiteRunnerWorker.java:52)
	at org.testng.SuiteRunnerWorker.run(SuiteRunnerWorker.java:86)
	at org.testng.TestNG.runSuitesSequentially(TestNG.java:1224)
	at org.testng.TestNG.runSuitesLocally(TestNG.java:1149)
	at org.testng.TestNG.run(TestNG.java:1057)
	at org.apache.maven.surefire.testng.TestNGExecutor.run(TestNGExecutor.java:293)
	at org.apache.maven.surefire.testng.TestNGXmlTestSuite.execute(TestNGXmlTestSuite.java:84)
	at org.apache.maven.surefire.testng.TestNGProvider.invoke(TestNGProvider.java:91)
	at org.apache.maven.surefire.booter.ForkedBooter.invokeProviderInSameClassLoader(ForkedBooter.java:200)
	at org.apache.maven.surefire.booter.ForkedBooter.runSuitesInProcess(ForkedBooter.java:153)
	at org.apache.maven.surefire.booter.ForkedBooter.main(ForkedBooter.java:103)
]]>
            </full-stacktrace>
          </exception> <!-- org.openqa.selenium.NoSuchElementException -->
          <reporter-output>
            <line>
              <![CDATA[Click to see the screenshot]]>
            </line>
            <line>
              <![CDATA[<a target="_blank" href=Thu_May_30_23_45_58_PKT_2019.jpg>Screenshot</a>]]>
            </line>
            <line>
              <![CDATA[<br>]]>
            </line>
            <line>
              <![CDATA[<a target="_blank" href="+TestUtil.screenshotName+ "><img src=Thu_May_30_23_45_58_PKT_2019.jpg height=500 width=500></img></a>]]>
            </line>
          </reporter-output>
        </test-method> <!-- emailLogin -->
      </class> <!-- web.swipBox.test_cases.EmailLogin -->
      <class name="web.swipBox.test_cases.ServicePointFilters">
        <test-method status="PASS" signature="servicePoints()[pri:0, instance:web.swipBox.test_cases.ServicePointFilters@2b0f373b]" name="servicePoints" duration-ms="4427" started-at="2019-05-30T23:46:00Z" finished-at="2019-05-30T23:46:04Z">
          <reporter-output>
            <line>
              <![CDATA[<br>Verification Success and you got text on page : Service points<br>]]>
            </line>
            <line>
              <![CDATA[<br>]]>
            </line>
            <line>
              <![CDATA[<a target="_blank" href="+TestUtil.screenshotName+ "><img src=Thu_May_30_23_46_04_PKT_2019.jpg height=500 width=500></img></a>]]>
            </line>
            <line>
              <![CDATA[<br>]]>
            </line>
            <line>
              <![CDATA[<a target="_blank" href=Thu_May_30_23_46_06_PKT_2019.jpg>Screenshot</a>]]>
            </line>
            <line>
              <![CDATA[<br>]]>
            </line>
            <line>
              <![CDATA[<a target="_blank" href="+TestUtil.screenshotName+ "><img src=Thu_May_30_23_46_06_PKT_2019.jpg height=500 width=500></img></a>]]>
            </line>
          </reporter-output>
        </test-method> <!-- servicePoints -->
        <test-method status="PASS" signature="servicePointsFiltersById(java.lang.String, java.lang.String, java.lang.String, java.lang.String)[pri:0, instance:web.swipBox.test_cases.ServicePointFilters@2b0f373b]" name="servicePointsFiltersById" duration-ms="7380" started-at="2019-05-30T23:46:07Z" data-provider="getData" depends-on-methods="web.swipBox.test_cases.ServicePointFilters.servicePoints" finished-at="2019-05-30T23:46:14Z">
          <params>
            <param index="0">
              <value>
                <![CDATA[SP11165]]>
              </value>
            </param>
            <param index="1">
              <value>
                <![CDATA[IslamAbadTesting]]>
              </value>
            </param>
            <param index="2">
              <value>
                <![CDATA[PL]]>
              </value>
            </param>
            <param index="3">
              <value>
                <![CDATA[Al Rehman Plaza , G-11]]>
              </value>
            </param>
          </params>
          <reporter-output>
            <line>
              <![CDATA[<br>Verification failure : expected [SP11165] but found [SP11177]<br>]]>
            </line>
            <line>
              <![CDATA[<br>]]>
            </line>
            <line>
              <![CDATA[<a target="_blank" href="+TestUtil.screenshotName+ "><img src=Thu_May_30_23_46_10_PKT_2019.jpg height=500 width=500></img></a>]]>
            </line>
            <line>
              <![CDATA[<br>]]>
            </line>
            <line>
              <![CDATA[<br>]]>
            </line>
            <line>
              <![CDATA[<a target="_blank" href=Thu_May_30_23_46_15_PKT_2019.jpg>Screenshot</a>]]>
            </line>
            <line>
              <![CDATA[<br>]]>
            </line>
            <line>
              <![CDATA[<a target="_blank" href="+TestUtil.screenshotName+ "><img src=Thu_May_30_23_46_15_PKT_2019.jpg height=500 width=500></img></a>]]>
            </line>
          </reporter-output>
        </test-method> <!-- servicePointsFiltersById -->
        <test-method status="FAIL" signature="servicePointsFiltersByType(java.lang.String, java.lang.String, java.lang.String, java.lang.String)[pri:0, instance:web.swipBox.test_cases.ServicePointFilters@2b0f373b]" name="servicePointsFiltersByType" duration-ms="11562" started-at="2019-05-30T23:46:15Z" data-provider="getData" depends-on-methods="web.swipBox.test_cases.ServicePointFilters.servicePointsFiltersById" finished-at="2019-05-30T23:46:27Z">
          <params>
            <param index="0">
              <value>
                <![CDATA[SP11165]]>
              </value>
            </param>
            <param index="1">
              <value>
                <![CDATA[IslamAbadTesting]]>
              </value>
            </param>
            <param index="2">
              <value>
                <![CDATA[PL]]>
              </value>
            </param>
            <param index="3">
              <value>
                <![CDATA[Al Rehman Plaza , G-11]]>
              </value>
            </param>
          </params>
          <exception class="org.openqa.selenium.NoSuchElementException">
            <message>
              <![CDATA[no such element: Unable to locate element: {"method":"xpath","selector":"//div[1]/form/div/div/input[contains(text(),'Al Rehman Plaza , G-11')]"}
  (Session info: chrome=74.0.3729.169)
  (Driver info: chromedriver=74.0.3729.6 (255758eccf3d244491b8a1317aa76e1ce10d57e9-refs/branch-heads/3729@{#29}),platform=Windows NT 6.3.9600 x86_64) (WARNING: The server did not provide any stacktrace information)
Command duration or timeout: 10.02 seconds
For documentation on this error, please visit: http://seleniumhq.org/exceptions/no_such_element.html
Build info: version: '2.53.1', revision: 'a36b8b1cd5757287168e54b817830adce9b0158d', time: '2016-06-30 19:26:09'
System info: host: 'USER', ip: '192.168.43.96', os.name: 'Windows 8.1', os.arch: 'amd64', os.version: '6.3', java.version: '1.8.0_181'
Driver info: org.openqa.selenium.chrome.ChromeDriver
Capabilities [{mobileEmulationEnabled=false, timeouts={implicit=0, pageLoad=300000, script=30000}, hasTouchScreen=false, platform=WIN8_1, acceptSslCerts=false, goog:chromeOptions={debuggerAddress=localhost:60867}, acceptInsecureCerts=false, webStorageEnabled=true, browserName=chrome, takesScreenshot=true, javascriptEnabled=true, setWindowRect=true, unexpectedAlertBehaviour=ignore, applicationCacheEnabled=false, rotatable=false, networkConnectionEnabled=false, chrome={chromedriverVersion=74.0.3729.6 (255758eccf3d244491b8a1317aa76e1ce10d57e9-refs/branch-heads/3729@{#29}), userDataDir=C:\Users\admin\AppData\Local\Temp\scoped_dir7584_19026}, takesHeapSnapshot=true, pageLoadStrategy=normal, strictFileInteractability=false, databaseEnabled=false, handlesAlerts=true, version=74.0.3729.169, browserConnectionEnabled=false, proxy={}, nativeEvents=true, locationContextEnabled=true, cssSelectorsEnabled=true}]
Session ID: 2f07f32d4cc00040b219ea7da543bb93
*** Element info: {Using=xpath, value=//div[1]/form/div/div/input[contains(text(),'Al Rehman Plaza , G-11')]}]]>
            </message>
            <full-stacktrace>
              <![CDATA[org.openqa.selenium.NoSuchElementException: no such element: Unable to locate element: {"method":"xpath","selector":"//div[1]/form/div/div/input[contains(text(),'Al Rehman Plaza , G-11')]"}
  (Session info: chrome=74.0.3729.169)
  (Driver info: chromedriver=74.0.3729.6 (255758eccf3d244491b8a1317aa76e1ce10d57e9-refs/branch-heads/3729@{#29}),platform=Windows NT 6.3.9600 x86_64) (WARNING: The server did not provide any stacktrace information)
Command duration or timeout: 10.02 seconds
For documentation on this error, please visit: http://seleniumhq.org/exceptions/no_such_element.html
Build info: version: '2.53.1', revision: 'a36b8b1cd5757287168e54b817830adce9b0158d', time: '2016-06-30 19:26:09'
System info: host: 'USER', ip: '192.168.43.96', os.name: 'Windows 8.1', os.arch: 'amd64', os.version: '6.3', java.version: '1.8.0_181'
Driver info: org.openqa.selenium.chrome.ChromeDriver
Capabilities [{mobileEmulationEnabled=false, timeouts={implicit=0, pageLoad=300000, script=30000}, hasTouchScreen=false, platform=WIN8_1, acceptSslCerts=false, goog:chromeOptions={debuggerAddress=localhost:60867}, acceptInsecureCerts=false, webStorageEnabled=true, browserName=chrome, takesScreenshot=true, javascriptEnabled=true, setWindowRect=true, unexpectedAlertBehaviour=ignore, applicationCacheEnabled=false, rotatable=false, networkConnectionEnabled=false, chrome={chromedriverVersion=74.0.3729.6 (255758eccf3d244491b8a1317aa76e1ce10d57e9-refs/branch-heads/3729@{#29}), userDataDir=C:\Users\admin\AppData\Local\Temp\scoped_dir7584_19026}, takesHeapSnapshot=true, pageLoadStrategy=normal, strictFileInteractability=false, databaseEnabled=false, handlesAlerts=true, version=74.0.3729.169, browserConnectionEnabled=false, proxy={}, nativeEvents=true, locationContextEnabled=true, cssSelectorsEnabled=true}]
Session ID: 2f07f32d4cc00040b219ea7da543bb93
*** Element info: {Using=xpath, value=//div[1]/form/div/div/input[contains(text(),'Al Rehman Plaza , G-11')]}
	at sun.reflect.NativeConstructorAccessorImpl.newInstance0(Native Method)
	at sun.reflect.NativeConstructorAccessorImpl.newInstance(NativeConstructorAccessorImpl.java:62)
	at sun.reflect.DelegatingConstructorAccessorImpl.newInstance(DelegatingConstructorAccessorImpl.java:45)
	at java.lang.reflect.Constructor.newInstance(Constructor.java:423)
	at org.openqa.selenium.remote.ErrorHandler.createThrowable(ErrorHandler.java:206)
	at org.openqa.selenium.remote.ErrorHandler.throwIfResponseFailed(ErrorHandler.java:158)
	at org.openqa.selenium.remote.RemoteWebDriver.execute(RemoteWebDriver.java:678)
	at org.openqa.selenium.remote.RemoteWebDriver.findElement(RemoteWebDriver.java:363)
	at org.openqa.selenium.remote.RemoteWebDriver.findElementByXPath(RemoteWebDriver.java:500)
	at org.openqa.selenium.By$ByXPath.findElement(By.java:361)
	at org.openqa.selenium.remote.RemoteWebDriver.findElement(RemoteWebDriver.java:355)
	at web.swipBox.PageController.Page.verifyEquals(Page.java:270)
	at web.swipBox.PageObject.ServicePointsPage.filterServicePoint(ServicePointsPage.java:167)
	at web.swipBox.test_cases.ServicePointFilters.servicePointsFiltersByType(ServicePointFilters.java:32)
	at sun.reflect.NativeMethodAccessorImpl.invoke0(Native Method)
	at sun.reflect.NativeMethodAccessorImpl.invoke(NativeMethodAccessorImpl.java:62)
	at sun.reflect.DelegatingMethodAccessorImpl.invoke(DelegatingMethodAccessorImpl.java:43)
	at java.lang.reflect.Method.invoke(Method.java:498)
	at org.testng.internal.MethodInvocationHelper.invokeMethod(MethodInvocationHelper.java:84)
	at org.testng.internal.Invoker.invokeMethod(Invoker.java:714)
	at org.testng.internal.Invoker.invokeTestMethod(Invoker.java:901)
	at org.testng.internal.Invoker.invokeTestMethods(Invoker.java:1231)
	at org.testng.internal.TestMethodWorker.invokeTestMethods(TestMethodWorker.java:127)
	at org.testng.internal.TestMethodWorker.run(TestMethodWorker.java:111)
	at org.testng.TestRunner.privateRun(TestRunner.java:767)
	at org.testng.TestRunner.run(TestRunner.java:617)
	at org.testng.SuiteRunner.runTest(SuiteRunner.java:348)
	at org.testng.SuiteRunner.runSequentially(SuiteRunner.java:343)
	at org.testng.SuiteRunner.privateRun(SuiteRunner.java:305)
	at org.testng.SuiteRunner.run(SuiteRunner.java:254)
	at org.testng.SuiteRunnerWorker.runSuite(SuiteRunnerWorker.java:52)
	at org.testng.SuiteRunnerWorker.run(SuiteRunnerWorker.java:86)
	at org.testng.TestNG.runSuitesSequentially(TestNG.java:1224)
	at org.testng.TestNG.runSuitesLocally(TestNG.java:1149)
	at org.testng.TestNG.run(TestNG.java:1057)
	at org.apache.maven.surefire.testng.TestNGExecutor.run(TestNGExecutor.java:293)
	at org.apache.maven.surefire.testng.TestNGXmlTestSuite.execute(TestNGXmlTestSuite.java:84)
	at org.apache.maven.surefire.testng.TestNGProvider.invoke(TestNGProvider.java:91)
	at org.apache.maven.surefire.booter.ForkedBooter.invokeProviderInSameClassLoader(ForkedBooter.java:200)
	at org.apache.maven.surefire.booter.ForkedBooter.runSuitesInProcess(ForkedBooter.java:153)
	at org.apache.maven.surefire.booter.ForkedBooter.main(ForkedBooter.java:103)
]]>
            </full-stacktrace>
          </exception> <!-- org.openqa.selenium.NoSuchElementException -->
          <reporter-output>
            <line>
              <![CDATA[Click to see the screenshot]]>
            </line>
            <line>
              <![CDATA[<a target="_blank" href=Thu_May_30_23_46_27_PKT_2019.jpg>Screenshot</a>]]>
            </line>
            <line>
              <![CDATA[<br>]]>
            </line>
            <line>
              <![CDATA[<a target="_blank" href="+TestUtil.screenshotName+ "><img src=Thu_May_30_23_46_27_PKT_2019.jpg height=500 width=500></img></a>]]>
            </line>
          </reporter-output>
        </test-method> <!-- servicePointsFiltersByType -->
        <test-method status="SKIP" signature="servicePointsFiltersBylocation(java.lang.String, java.lang.String, java.lang.String, java.lang.String)[pri:0, instance:web.swipBox.test_cases.ServicePointFilters@2b0f373b]" name="servicePointsFiltersBylocation" duration-ms="0" started-at="2019-05-30T23:46:28Z" data-provider="getData" depends-on-methods="web.swipBox.test_cases.ServicePointFilters.servicePointsFiltersByType" finished-at="2019-05-30T23:46:28Z">
          <reporter-output>
          </reporter-output>
        </test-method> <!-- servicePointsFiltersBylocation -->
        <test-method status="SKIP" signature="servicePointsFiltersByAddress(java.lang.String, java.lang.String, java.lang.String, java.lang.String)[pri:0, instance:web.swipBox.test_cases.ServicePointFilters@2b0f373b]" name="servicePointsFiltersByAddress" duration-ms="0" started-at="2019-05-30T23:46:28Z" data-provider="getData" depends-on-methods="web.swipBox.test_cases.ServicePointFilters.servicePointsFiltersBylocation" finished-at="2019-05-30T23:46:28Z">
          <reporter-output>
          </reporter-output>
        </test-method> <!-- servicePointsFiltersByAddress -->
        <test-method status="PASS" signature="tearDown()[pri:0, instance:web.swipBox.test_cases.ServicePointFilters@2b0f373b]" name="tearDown" is-config="true" duration-ms="2174" started-at="2019-05-30T23:46:29Z" finished-at="2019-05-30T23:46:32Z">
          <reporter-output>
          </reporter-output>
        </test-method> <!-- tearDown -->
      </class> <!-- web.swipBox.test_cases.ServicePointFilters -->
    </test> <!-- Test -->
  </suite> <!-- Suite -->
</testng-results>
